c:\users\拿铁加冰\documents\visual studio 2013\projects\指静脉识别 r4.0\指静脉识别 r4.0\debug\vc120.pdb
c:\users\拿铁加冰\documents\visual studio 2013\projects\指静脉识别 r4.0\指静脉识别 r4.0\debug\vc120.idb
c:\users\拿铁加冰\documents\visual studio 2013\projects\指静脉识别 r4.0\指静脉识别 r4.0\debug\bwlabel.obj
c:\users\拿铁加冰\documents\visual studio 2013\projects\指静脉识别 r4.0\指静脉识别 r4.0\debug\clahe.obj
c:\users\拿铁加冰\documents\visual studio 2013\projects\指静脉识别 r4.0\指静脉识别 r4.0\debug\extract feature points.obj
c:\users\拿铁加冰\documents\visual studio 2013\projects\指静脉识别 r4.0\指静脉识别 r4.0\debug\fangxiangfenge.obj
c:\users\拿铁加冰\documents\visual studio 2013\projects\指静脉识别 r4.0\指静脉识别 r4.0\debug\fusion.obj
c:\users\拿铁加冰\documents\visual studio 2013\projects\指静脉识别 r4.0\指静脉识别 r4.0\debug\location.obj
c:\users\拿铁加冰\documents\visual studio 2013\projects\指静脉识别 r4.0\指静脉识别 r4.0\debug\main.obj
c:\users\拿铁加冰\documents\visual studio 2013\projects\指静脉识别 r4.0\指静脉识别 r4.0\debug\myfangxiangfenge.obj
c:\users\拿铁加冰\documents\visual studio 2013\projects\指静脉识别 r4.0\指静脉识别 r4.0\debug\post processing 1.obj
c:\users\拿铁加冰\documents\visual studio 2013\projects\指静脉识别 r4.0\指静脉识别 r4.0\debug\post processing 2.obj
c:\users\拿铁加冰\documents\visual studio 2013\projects\指静脉识别 r4.0\指静脉识别 r4.0\debug\post processing subfunctions.obj
c:\users\拿铁加冰\documents\visual studio 2013\projects\指静脉识别 r4.0\指静脉识别 r4.0\debug\pre processing 1.obj
c:\users\拿铁加冰\documents\visual studio 2013\projects\指静脉识别 r4.0\指静脉识别 r4.0\debug\pre processing 2.obj
c:\users\拿铁加冰\documents\visual studio 2013\projects\指静脉识别 r4.0\指静脉识别 r4.0\debug\pre processing 3.obj
c:\users\拿铁加冰\documents\visual studio 2013\projects\指静脉识别 r4.0\指静脉识别 r4.0\debug\pre processing subfunctions.obj
c:\users\拿铁加冰\documents\visual studio 2013\projects\指静脉识别 r4.0\指静脉识别 r4.0\debug\register.obj
c:\users\拿铁加冰\documents\visual studio 2013\projects\指静脉识别 r4.0\指静脉识别 r4.0\debug\tool functions.obj
c:\users\拿铁加冰\documents\visual studio 2013\projects\指静脉识别 r4.0\指静脉识别 r4.0\debug\fillblackholes.obj
c:\users\拿铁加冰\documents\visual studio 2013\projects\指静脉识别 r4.0\指静脉识别 r4.0\debug\post processing 1 (fangxiangfenge).obj
c:\users\拿铁加冰\documents\visual studio 2013\projects\指静脉识别 r4.0\指静脉识别 r4.0\debug\post processing 2 (imagerepair).obj
c:\users\拿铁加冰\documents\visual studio 2013\projects\指静脉识别 r4.0\debug\指静脉识别 r4.0.ilk
c:\users\拿铁加冰\documents\visual studio 2013\projects\指静脉识别 r4.0\debug\指静脉识别 r4.0.exe
c:\users\拿铁加冰\documents\visual studio 2013\projects\指静脉识别 r4.0\debug\指静脉识别 r4.0.pdb
c:\users\orion\desktop\指静脉识别 r4.0\指静脉识别 r4.0\debug\bwlabel.obj
c:\users\orion\desktop\指静脉识别 r4.0\指静脉识别 r4.0\debug\clahe.obj
c:\users\orion\desktop\指静脉识别 r4.0\指静脉识别 r4.0\debug\extract feature points.obj
c:\users\orion\desktop\指静脉识别 r4.0\指静脉识别 r4.0\debug\fangxiangfenge.obj
c:\users\orion\desktop\指静脉识别 r4.0\指静脉识别 r4.0\debug\fillblackholes.obj
c:\users\orion\desktop\指静脉识别 r4.0\指静脉识别 r4.0\debug\fusion.obj
c:\users\orion\desktop\指静脉识别 r4.0\指静脉识别 r4.0\debug\location.obj
c:\users\orion\desktop\指静脉识别 r4.0\指静脉识别 r4.0\debug\main.obj
c:\users\orion\desktop\指静脉识别 r4.0\指静脉识别 r4.0\debug\myfangxiangfenge.obj
c:\users\orion\desktop\指静脉识别 r4.0\指静脉识别 r4.0\debug\post processing 1 (fangxiangfenge).obj
c:\users\orion\desktop\指静脉识别 r4.0\指静脉识别 r4.0\debug\post processing 1.obj
c:\users\orion\desktop\指静脉识别 r4.0\指静脉识别 r4.0\debug\post processing 2 (imagerepair).obj
c:\users\orion\desktop\指静脉识别 r4.0\指静脉识别 r4.0\debug\post processing 2.obj
c:\users\orion\desktop\指静脉识别 r4.0\指静脉识别 r4.0\debug\post processing subfunctions.obj
c:\users\orion\desktop\指静脉识别 r4.0\指静脉识别 r4.0\debug\pre processing 1.obj
c:\users\orion\desktop\指静脉识别 r4.0\指静脉识别 r4.0\debug\pre processing 2.obj
c:\users\orion\desktop\指静脉识别 r4.0\指静脉识别 r4.0\debug\pre processing 3.obj
c:\users\orion\desktop\指静脉识别 r4.0\指静脉识别 r4.0\debug\pre processing subfunctions.obj
c:\users\orion\desktop\指静脉识别 r4.0\指静脉识别 r4.0\debug\register.obj
c:\users\orion\desktop\指静脉识别 r4.0\指静脉识别 r4.0\debug\tool functions.obj
c:\users\orion\desktop\指静脉识别 r4.0\指静脉识别 r4.0\debug\vc120.idb
c:\users\orion\desktop\指静脉识别 r4.0\指静脉识别 r4.0\debug\vc120.pdb
c:\users\orion\desktop\指静脉识别 r4.0\debug\指静脉识别 r4.0.pdb
c:\users\orion\desktop\指静脉识别 r4.0\debug\指静脉识别 r4.0.exe
c:\users\orion\desktop\指静脉识别 r4.0\debug\指静脉识别 r4.0.ilk
c:\users\orion\desktop\指静脉识别 r4.0\指静脉识别 r4.0\debug\指静脉识别 r4.0.tlog\cl.command.1.tlog
c:\users\orion\desktop\指静脉识别 r4.0\指静脉识别 r4.0\debug\指静脉识别 r4.0.tlog\cl.read.1.tlog
c:\users\orion\desktop\指静脉识别 r4.0\指静脉识别 r4.0\debug\指静脉识别 r4.0.tlog\cl.write.1.tlog
c:\users\orion\desktop\指静脉识别 r4.0\指静脉识别 r4.0\debug\指静脉识别 r4.0.tlog\link.command.1.tlog
c:\users\orion\desktop\指静脉识别 r4.0\指静脉识别 r4.0\debug\指静脉识别 r4.0.tlog\link.read.1.tlog
c:\users\orion\desktop\指静脉识别 r4.0\指静脉识别 r4.0\debug\指静脉识别 r4.0.tlog\link.write.1.tlog
